<?xml version="1.0" encoding="UTF-8"?>
<testsuite xmlns:xsi="http://www.w3.org/2001/XMLSchema-instance" xsi:noNamespaceSchemaLocation="https://maven.apache.org/surefire/maven-surefire-plugin/xsd/surefire-test-report.xsd" name="testRunner.Runner" time="11.106" tests="1" errors="0" skipped="0" failures="0">
  <properties>
    <property name="sun.desktop" value="windows"/>
    <property name="awt.toolkit" value="sun.awt.windows.WToolkit"/>
    <property name="file.encoding.pkg" value="sun.io"/>
    <property name="java.specification.version" value="1.8"/>
    <property name="sun.cpu.isalist" value="amd64"/>
    <property name="sun.jnu.encoding" value="Cp1252"/>
    <property name="java.class.path" value="D:\Assignment\Assignments\ClearTripAssigment\target\test-classes;D:\Assignment\Assignments\ClearTripAssigment\target\classes;C:\Users\Vrushali_Jagtap\.m2\repository\io\cucumber\cucumber-java\3.0.0\cucumber-java-3.0.0.jar;C:\Users\Vrushali_Jagtap\.m2\repository\io\cucumber\cucumber-core\3.0.0\cucumber-core-3.0.0.jar;C:\Users\Vrushali_Jagtap\.m2\repository\io\cucumber\cucumber-html\0.2.7\cucumber-html-0.2.7.jar;C:\Users\Vrushali_Jagtap\.m2\repository\io\cucumber\gherkin\5.0.0\gherkin-5.0.0.jar;C:\Users\Vrushali_Jagtap\.m2\repository\io\cucumber\tag-expressions\1.1.1\tag-expressions-1.1.1.jar;C:\Users\Vrushali_Jagtap\.m2\repository\io\cucumber\cucumber-expressions\5.0.17\cucumber-expressions-5.0.17.jar;C:\Users\Vrushali_Jagtap\.m2\repository\io\cucumber\datatable\1.0.3\datatable-1.0.3.jar;C:\Users\Vrushali_Jagtap\.m2\repository\io\cucumber\datatable-dependencies\1.0.3\datatable-dependencies-1.0.3.jar;C:\Users\Vrushali_Jagtap\.m2\repository\io\cucumber\cucumber-junit\3.0.0\cucumber-junit-3.0.0.jar;C:\Users\Vrushali_Jagtap\.m2\repository\junit\junit\4.12\junit-4.12.jar;C:\Users\Vrushali_Jagtap\.m2\repository\org\hamcrest\hamcrest-core\1.3\hamcrest-core-1.3.jar;C:\Users\Vrushali_Jagtap\.m2\repository\org\seleniumhq\selenium\selenium-java\3.2.0\selenium-java-3.2.0.jar;C:\Users\Vrushali_Jagtap\.m2\repository\org\seleniumhq\selenium\selenium-chrome-driver\3.2.0\selenium-chrome-driver-3.2.0.jar;C:\Users\Vrushali_Jagtap\.m2\repository\org\seleniumhq\selenium\selenium-edge-driver\3.2.0\selenium-edge-driver-3.2.0.jar;C:\Users\Vrushali_Jagtap\.m2\repository\org\seleniumhq\selenium\selenium-firefox-driver\3.2.0\selenium-firefox-driver-3.2.0.jar;C:\Users\Vrushali_Jagtap\.m2\repository\org\seleniumhq\selenium\selenium-opera-driver\3.2.0\selenium-opera-driver-3.2.0.jar;C:\Users\Vrushali_Jagtap\.m2\repository\org\seleniumhq\selenium\selenium-safari-driver\3.2.0\selenium-safari-driver-3.2.0.jar;C:\Users\Vrushali_Jagtap\.m2\repository\com\codeborne\phantomjsdriver\1.4.0\phantomjsdriver-1.4.0.jar;C:\Users\Vrushali_Jagtap\.m2\repository\org\seleniumhq\selenium\htmlunit-driver\2.24\htmlunit-driver-2.24.jar;C:\Users\Vrushali_Jagtap\.m2\repository\org\seleniumhq\selenium\selenium-support\3.141.59\selenium-support-3.141.59.jar;C:\Users\Vrushali_Jagtap\.m2\repository\net\sourceforge\htmlunit\htmlunit\2.24\htmlunit-2.24.jar;C:\Users\Vrushali_Jagtap\.m2\repository\xalan\xalan\2.7.2\xalan-2.7.2.jar;C:\Users\Vrushali_Jagtap\.m2\repository\xalan\serializer\2.7.2\serializer-2.7.2.jar;C:\Users\Vrushali_Jagtap\.m2\repository\org\apache\commons\commons-lang3\3.5\commons-lang3-3.5.jar;C:\Users\Vrushali_Jagtap\.m2\repository\org\apache\httpcomponents\httpclient\4.5.2\httpclient-4.5.2.jar;C:\Users\Vrushali_Jagtap\.m2\repository\org\apache\httpcomponents\httpcore\4.4.4\httpcore-4.4.4.jar;C:\Users\Vrushali_Jagtap\.m2\repository\org\apache\httpcomponents\httpmime\4.5.2\httpmime-4.5.2.jar;C:\Users\Vrushali_Jagtap\.m2\repository\net\sourceforge\htmlunit\htmlunit-core-js\2.23\htmlunit-core-js-2.23.jar;C:\Users\Vrushali_Jagtap\.m2\repository\net\sourceforge\htmlunit\neko-htmlunit\2.24\neko-htmlunit-2.24.jar;C:\Users\Vrushali_Jagtap\.m2\repository\xerces\xercesImpl\2.11.0\xercesImpl-2.11.0.jar;C:\Users\Vrushali_Jagtap\.m2\repository\xml-apis\xml-apis\1.4.01\xml-apis-1.4.01.jar;C:\Users\Vrushali_Jagtap\.m2\repository\net\sourceforge\cssparser\cssparser\0.9.21\cssparser-0.9.21.jar;C:\Users\Vrushali_Jagtap\.m2\repository\org\w3c\css\sac\1.3\sac-1.3.jar;C:\Users\Vrushali_Jagtap\.m2\repository\commons-logging\commons-logging\1.2\commons-logging-1.2.jar;C:\Users\Vrushali_Jagtap\.m2\repository\org\eclipse\jetty\websocket\websocket-client\9.2.20.v20161216\websocket-client-9.2.20.v20161216.jar;C:\Users\Vrushali_Jagtap\.m2\repository\org\eclipse\jetty\jetty-util\9.2.20.v20161216\jetty-util-9.2.20.v20161216.jar;C:\Users\Vrushali_Jagtap\.m2\repository\org\eclipse\jetty\jetty-io\9.2.20.v20161216\jetty-io-9.2.20.v20161216.jar;C:\Users\Vrushali_Jagtap\.m2\repository\org\eclipse\jetty\websocket\websocket-common\9.2.20.v20161216\websocket-common-9.2.20.v20161216.jar;C:\Users\Vrushali_Jagtap\.m2\repository\org\eclipse\jetty\websocket\websocket-api\9.2.20.v20161216\websocket-api-9.2.20.v20161216.jar;C:\Users\Vrushali_Jagtap\.m2\repository\org\seleniumhq\selenium\selenium-ie-driver\3.141.5\selenium-ie-driver-3.141.5.jar;C:\Users\Vrushali_Jagtap\.m2\repository\org\seleniumhq\selenium\selenium-api\3.141.5\selenium-api-3.141.5.jar;C:\Users\Vrushali_Jagtap\.m2\repository\org\seleniumhq\selenium\selenium-remote-driver\3.141.5\selenium-remote-driver-3.141.5.jar;C:\Users\Vrushali_Jagtap\.m2\repository\net\bytebuddy\byte-buddy\1.8.15\byte-buddy-1.8.15.jar;C:\Users\Vrushali_Jagtap\.m2\repository\org\apache\commons\commons-exec\1.3\commons-exec-1.3.jar;C:\Users\Vrushali_Jagtap\.m2\repository\com\google\guava\guava\25.0-jre\guava-25.0-jre.jar;C:\Users\Vrushali_Jagtap\.m2\repository\com\google\code\findbugs\jsr305\1.3.9\jsr305-1.3.9.jar;C:\Users\Vrushali_Jagtap\.m2\repository\org\checkerframework\checker-compat-qual\2.0.0\checker-compat-qual-2.0.0.jar;C:\Users\Vrushali_Jagtap\.m2\repository\com\google\errorprone\error_prone_annotations\2.1.3\error_prone_annotations-2.1.3.jar;C:\Users\Vrushali_Jagtap\.m2\repository\com\google\j2objc\j2objc-annotations\1.1\j2objc-annotations-1.1.jar;C:\Users\Vrushali_Jagtap\.m2\repository\org\codehaus\mojo\animal-sniffer-annotations\1.14\animal-sniffer-annotations-1.14.jar;C:\Users\Vrushali_Jagtap\.m2\repository\com\squareup\okhttp3\okhttp\3.11.0\okhttp-3.11.0.jar;C:\Users\Vrushali_Jagtap\.m2\repository\com\squareup\okio\okio\1.14.0\okio-1.14.0.jar;C:\Users\Vrushali_Jagtap\.m2\repository\log4j\log4j\1.2.17\log4j-1.2.17.jar;C:\Users\Vrushali_Jagtap\.m2\repository\org\apache\poi\poi-ooxml\3.17-beta1\poi-ooxml-3.17-beta1.jar;C:\Users\Vrushali_Jagtap\.m2\repository\org\apache\poi\poi\3.17-beta1\poi-3.17-beta1.jar;C:\Users\Vrushali_Jagtap\.m2\repository\commons-codec\commons-codec\1.10\commons-codec-1.10.jar;C:\Users\Vrushali_Jagtap\.m2\repository\org\apache\poi\poi-ooxml-schemas\3.17-beta1\poi-ooxml-schemas-3.17-beta1.jar;C:\Users\Vrushali_Jagtap\.m2\repository\org\apache\xmlbeans\xmlbeans\2.6.0\xmlbeans-2.6.0.jar;C:\Users\Vrushali_Jagtap\.m2\repository\stax\stax-api\1.0.1\stax-api-1.0.1.jar;C:\Users\Vrushali_Jagtap\.m2\repository\com\github\virtuald\curvesapi\1.04\curvesapi-1.04.jar;C:\Users\Vrushali_Jagtap\.m2\repository\org\apache\commons\commons-collections4\4.1\commons-collections4-4.1.jar;C:\Users\Vrushali_Jagtap\.m2\repository\org\dom4j\dom4j\2.1.1\dom4j-2.1.1.jar;C:\Users\Vrushali_Jagtap\.m2\repository\org\springframework\spring-context\3.0.0.RELEASE\spring-context-3.0.0.RELEASE.jar;C:\Users\Vrushali_Jagtap\.m2\repository\org\springframework\spring-beans\3.0.0.RELEASE\spring-beans-3.0.0.RELEASE.jar;C:\Users\Vrushali_Jagtap\.m2\repository\org\springframework\spring-core\3.0.0.RELEASE\spring-core-3.0.0.RELEASE.jar;C:\Users\Vrushali_Jagtap\.m2\repository\org\springframework\spring-expression\3.0.0.RELEASE\spring-expression-3.0.0.RELEASE.jar;C:\Users\Vrushali_Jagtap\.m2\repository\org\springframework\spring-asm\3.0.0.RELEASE\spring-asm-3.0.0.RELEASE.jar;C:\Users\Vrushali_Jagtap\.m2\repository\org\springframework\spring-test\5.0.8.RELEASE\spring-test-5.0.8.RELEASE.jar;C:\Users\Vrushali_Jagtap\.m2\repository\org\sonatype\aether\aether-api\1.7\aether-api-1.7.jar;C:\Users\Vrushali_Jagtap\.m2\repository\org\yaml\snakeyaml\1.19\snakeyaml-1.19.jar;C:\Users\Vrushali_Jagtap\.m2\repository\commons-io\commons-io\2.5\commons-io-2.5.jar;"/>
    <property name="java.vm.vendor" value="Oracle Corporation"/>
    <property name="sun.arch.data.model" value="64"/>
    <property name="user.variant" value=""/>
    <property name="java.vendor.url" value="http://java.oracle.com/"/>
    <property name="user.timezone" value="Asia/Calcutta"/>
    <property name="java.vm.specification.version" value="1.8"/>
    <property name="os.name" value="Windows 10"/>
    <property name="user.country" value="US"/>
    <property name="sun.java.launcher" value="SUN_STANDARD"/>
    <property name="sun.boot.library.path" value="C:\Program Files\Java\jdk1.8.0_191\jre\bin"/>
    <property name="sun.java.command" value="C:\Users\VRUSHA~1\AppData\Local\Temp\surefire8912670368152990080\surefirebooter8416178342627137831.jar C:\Users\Vrushali_Jagtap\AppData\Local\Temp\surefire8912670368152990080 2018-11-27T15-25-17_136-jvmRun1 surefire8408889415145718302tmp surefire_06014247182285652902tmp"/>
    <property name="surefire.test.class.path" value="D:\Assignment\Assignments\ClearTripAssigment\target\test-classes;D:\Assignment\Assignments\ClearTripAssigment\target\classes;C:\Users\Vrushali_Jagtap\.m2\repository\io\cucumber\cucumber-java\3.0.0\cucumber-java-3.0.0.jar;C:\Users\Vrushali_Jagtap\.m2\repository\io\cucumber\cucumber-core\3.0.0\cucumber-core-3.0.0.jar;C:\Users\Vrushali_Jagtap\.m2\repository\io\cucumber\cucumber-html\0.2.7\cucumber-html-0.2.7.jar;C:\Users\Vrushali_Jagtap\.m2\repository\io\cucumber\gherkin\5.0.0\gherkin-5.0.0.jar;C:\Users\Vrushali_Jagtap\.m2\repository\io\cucumber\tag-expressions\1.1.1\tag-expressions-1.1.1.jar;C:\Users\Vrushali_Jagtap\.m2\repository\io\cucumber\cucumber-expressions\5.0.17\cucumber-expressions-5.0.17.jar;C:\Users\Vrushali_Jagtap\.m2\repository\io\cucumber\datatable\1.0.3\datatable-1.0.3.jar;C:\Users\Vrushali_Jagtap\.m2\repository\io\cucumber\datatable-dependencies\1.0.3\datatable-dependencies-1.0.3.jar;C:\Users\Vrushali_Jagtap\.m2\repository\io\cucumber\cucumber-junit\3.0.0\cucumber-junit-3.0.0.jar;C:\Users\Vrushali_Jagtap\.m2\repository\junit\junit\4.12\junit-4.12.jar;C:\Users\Vrushali_Jagtap\.m2\repository\org\hamcrest\hamcrest-core\1.3\hamcrest-core-1.3.jar;C:\Users\Vrushali_Jagtap\.m2\repository\org\seleniumhq\selenium\selenium-java\3.2.0\selenium-java-3.2.0.jar;C:\Users\Vrushali_Jagtap\.m2\repository\org\seleniumhq\selenium\selenium-chrome-driver\3.2.0\selenium-chrome-driver-3.2.0.jar;C:\Users\Vrushali_Jagtap\.m2\repository\org\seleniumhq\selenium\selenium-edge-driver\3.2.0\selenium-edge-driver-3.2.0.jar;C:\Users\Vrushali_Jagtap\.m2\repository\org\seleniumhq\selenium\selenium-firefox-driver\3.2.0\selenium-firefox-driver-3.2.0.jar;C:\Users\Vrushali_Jagtap\.m2\repository\org\seleniumhq\selenium\selenium-opera-driver\3.2.0\selenium-opera-driver-3.2.0.jar;C:\Users\Vrushali_Jagtap\.m2\repository\org\seleniumhq\selenium\selenium-safari-driver\3.2.0\selenium-safari-driver-3.2.0.jar;C:\Users\Vrushali_Jagtap\.m2\repository\com\codeborne\phantomjsdriver\1.4.0\phantomjsdriver-1.4.0.jar;C:\Users\Vrushali_Jagtap\.m2\repository\org\seleniumhq\selenium\htmlunit-driver\2.24\htmlunit-driver-2.24.jar;C:\Users\Vrushali_Jagtap\.m2\repository\org\seleniumhq\selenium\selenium-support\3.141.59\selenium-support-3.141.59.jar;C:\Users\Vrushali_Jagtap\.m2\repository\net\sourceforge\htmlunit\htmlunit\2.24\htmlunit-2.24.jar;C:\Users\Vrushali_Jagtap\.m2\repository\xalan\xalan\2.7.2\xalan-2.7.2.jar;C:\Users\Vrushali_Jagtap\.m2\repository\xalan\serializer\2.7.2\serializer-2.7.2.jar;C:\Users\Vrushali_Jagtap\.m2\repository\org\apache\commons\commons-lang3\3.5\commons-lang3-3.5.jar;C:\Users\Vrushali_Jagtap\.m2\repository\org\apache\httpcomponents\httpclient\4.5.2\httpclient-4.5.2.jar;C:\Users\Vrushali_Jagtap\.m2\repository\org\apache\httpcomponents\httpcore\4.4.4\httpcore-4.4.4.jar;C:\Users\Vrushali_Jagtap\.m2\repository\org\apache\httpcomponents\httpmime\4.5.2\httpmime-4.5.2.jar;C:\Users\Vrushali_Jagtap\.m2\repository\net\sourceforge\htmlunit\htmlunit-core-js\2.23\htmlunit-core-js-2.23.jar;C:\Users\Vrushali_Jagtap\.m2\repository\net\sourceforge\htmlunit\neko-htmlunit\2.24\neko-htmlunit-2.24.jar;C:\Users\Vrushali_Jagtap\.m2\repository\xerces\xercesImpl\2.11.0\xercesImpl-2.11.0.jar;C:\Users\Vrushali_Jagtap\.m2\repository\xml-apis\xml-apis\1.4.01\xml-apis-1.4.01.jar;C:\Users\Vrushali_Jagtap\.m2\repository\net\sourceforge\cssparser\cssparser\0.9.21\cssparser-0.9.21.jar;C:\Users\Vrushali_Jagtap\.m2\repository\org\w3c\css\sac\1.3\sac-1.3.jar;C:\Users\Vrushali_Jagtap\.m2\repository\commons-logging\commons-logging\1.2\commons-logging-1.2.jar;C:\Users\Vrushali_Jagtap\.m2\repository\org\eclipse\jetty\websocket\websocket-client\9.2.20.v20161216\websocket-client-9.2.20.v20161216.jar;C:\Users\Vrushali_Jagtap\.m2\repository\org\eclipse\jetty\jetty-util\9.2.20.v20161216\jetty-util-9.2.20.v20161216.jar;C:\Users\Vrushali_Jagtap\.m2\repository\org\eclipse\jetty\jetty-io\9.2.20.v20161216\jetty-io-9.2.20.v20161216.jar;C:\Users\Vrushali_Jagtap\.m2\repository\org\eclipse\jetty\websocket\websocket-common\9.2.20.v20161216\websocket-common-9.2.20.v20161216.jar;C:\Users\Vrushali_Jagtap\.m2\repository\org\eclipse\jetty\websocket\websocket-api\9.2.20.v20161216\websocket-api-9.2.20.v20161216.jar;C:\Users\Vrushali_Jagtap\.m2\repository\org\seleniumhq\selenium\selenium-ie-driver\3.141.5\selenium-ie-driver-3.141.5.jar;C:\Users\Vrushali_Jagtap\.m2\repository\org\seleniumhq\selenium\selenium-api\3.141.5\selenium-api-3.141.5.jar;C:\Users\Vrushali_Jagtap\.m2\repository\org\seleniumhq\selenium\selenium-remote-driver\3.141.5\selenium-remote-driver-3.141.5.jar;C:\Users\Vrushali_Jagtap\.m2\repository\net\bytebuddy\byte-buddy\1.8.15\byte-buddy-1.8.15.jar;C:\Users\Vrushali_Jagtap\.m2\repository\org\apache\commons\commons-exec\1.3\commons-exec-1.3.jar;C:\Users\Vrushali_Jagtap\.m2\repository\com\google\guava\guava\25.0-jre\guava-25.0-jre.jar;C:\Users\Vrushali_Jagtap\.m2\repository\com\google\code\findbugs\jsr305\1.3.9\jsr305-1.3.9.jar;C:\Users\Vrushali_Jagtap\.m2\repository\org\checkerframework\checker-compat-qual\2.0.0\checker-compat-qual-2.0.0.jar;C:\Users\Vrushali_Jagtap\.m2\repository\com\google\errorprone\error_prone_annotations\2.1.3\error_prone_annotations-2.1.3.jar;C:\Users\Vrushali_Jagtap\.m2\repository\com\google\j2objc\j2objc-annotations\1.1\j2objc-annotations-1.1.jar;C:\Users\Vrushali_Jagtap\.m2\repository\org\codehaus\mojo\animal-sniffer-annotations\1.14\animal-sniffer-annotations-1.14.jar;C:\Users\Vrushali_Jagtap\.m2\repository\com\squareup\okhttp3\okhttp\3.11.0\okhttp-3.11.0.jar;C:\Users\Vrushali_Jagtap\.m2\repository\com\squareup\okio\okio\1.14.0\okio-1.14.0.jar;C:\Users\Vrushali_Jagtap\.m2\repository\log4j\log4j\1.2.17\log4j-1.2.17.jar;C:\Users\Vrushali_Jagtap\.m2\repository\org\apache\poi\poi-ooxml\3.17-beta1\poi-ooxml-3.17-beta1.jar;C:\Users\Vrushali_Jagtap\.m2\repository\org\apache\poi\poi\3.17-beta1\poi-3.17-beta1.jar;C:\Users\Vrushali_Jagtap\.m2\repository\commons-codec\commons-codec\1.10\commons-codec-1.10.jar;C:\Users\Vrushali_Jagtap\.m2\repository\org\apache\poi\poi-ooxml-schemas\3.17-beta1\poi-ooxml-schemas-3.17-beta1.jar;C:\Users\Vrushali_Jagtap\.m2\repository\org\apache\xmlbeans\xmlbeans\2.6.0\xmlbeans-2.6.0.jar;C:\Users\Vrushali_Jagtap\.m2\repository\stax\stax-api\1.0.1\stax-api-1.0.1.jar;C:\Users\Vrushali_Jagtap\.m2\repository\com\github\virtuald\curvesapi\1.04\curvesapi-1.04.jar;C:\Users\Vrushali_Jagtap\.m2\repository\org\apache\commons\commons-collections4\4.1\commons-collections4-4.1.jar;C:\Users\Vrushali_Jagtap\.m2\repository\org\dom4j\dom4j\2.1.1\dom4j-2.1.1.jar;C:\Users\Vrushali_Jagtap\.m2\repository\org\springframework\spring-context\3.0.0.RELEASE\spring-context-3.0.0.RELEASE.jar;C:\Users\Vrushali_Jagtap\.m2\repository\org\springframework\spring-beans\3.0.0.RELEASE\spring-beans-3.0.0.RELEASE.jar;C:\Users\Vrushali_Jagtap\.m2\repository\org\springframework\spring-core\3.0.0.RELEASE\spring-core-3.0.0.RELEASE.jar;C:\Users\Vrushali_Jagtap\.m2\repository\org\springframework\spring-expression\3.0.0.RELEASE\spring-expression-3.0.0.RELEASE.jar;C:\Users\Vrushali_Jagtap\.m2\repository\org\springframework\spring-asm\3.0.0.RELEASE\spring-asm-3.0.0.RELEASE.jar;C:\Users\Vrushali_Jagtap\.m2\repository\org\springframework\spring-test\5.0.8.RELEASE\spring-test-5.0.8.RELEASE.jar;C:\Users\Vrushali_Jagtap\.m2\repository\org\sonatype\aether\aether-api\1.7\aether-api-1.7.jar;C:\Users\Vrushali_Jagtap\.m2\repository\org\yaml\snakeyaml\1.19\snakeyaml-1.19.jar;C:\Users\Vrushali_Jagtap\.m2\repository\commons-io\commons-io\2.5\commons-io-2.5.jar;"/>
    <property name="sun.cpu.endian" value="little"/>
    <property name="user.home" value="C:\Users\Vrushali_Jagtap"/>
    <property name="user.language" value="en"/>
    <property name="java.specification.vendor" value="Oracle Corporation"/>
    <property name="java.home" value="C:\Program Files\Java\jdk1.8.0_191\jre"/>
    <property name="basedir" value="D:\Assignment\Assignments\ClearTripAssigment"/>
    <property name="file.separator" value="\"/>
    <property name="line.separator" value="&#10;"/>
    <property name="java.vm.specification.vendor" value="Oracle Corporation"/>
    <property name="java.specification.name" value="Java Platform API Specification"/>
    <property name="java.awt.graphicsenv" value="sun.awt.Win32GraphicsEnvironment"/>
    <property name="surefire.real.class.path" value="C:\Users\VRUSHA~1\AppData\Local\Temp\surefire8912670368152990080\surefirebooter8416178342627137831.jar"/>
    <property name="sun.boot.class.path" value="C:\Program Files\Java\jdk1.8.0_191\jre\lib\resources.jar;C:\Program Files\Java\jdk1.8.0_191\jre\lib\rt.jar;C:\Program Files\Java\jdk1.8.0_191\jre\lib\sunrsasign.jar;C:\Program Files\Java\jdk1.8.0_191\jre\lib\jsse.jar;C:\Program Files\Java\jdk1.8.0_191\jre\lib\jce.jar;C:\Program Files\Java\jdk1.8.0_191\jre\lib\charsets.jar;C:\Program Files\Java\jdk1.8.0_191\jre\lib\jfr.jar;C:\Program Files\Java\jdk1.8.0_191\jre\classes"/>
    <property name="user.script" value=""/>
    <property name="sun.management.compiler" value="HotSpot 64-Bit Tiered Compilers"/>
    <property name="java.runtime.version" value="1.8.0_191-b12"/>
    <property name="user.name" value="Vrushali_Jagtap"/>
    <property name="path.separator" value=";"/>
    <property name="os.version" value="10.0"/>
    <property name="java.endorsed.dirs" value="C:\Program Files\Java\jdk1.8.0_191\jre\lib\endorsed"/>
    <property name="java.runtime.name" value="Java(TM) SE Runtime Environment"/>
    <property name="file.encoding" value="Cp1252"/>
    <property name="java.vm.name" value="Java HotSpot(TM) 64-Bit Server VM"/>
    <property name="localRepository" value="C:\Users\Vrushali_Jagtap\.m2\repository"/>
    <property name="java.vendor.url.bug" value="http://bugreport.sun.com/bugreport/"/>
    <property name="java.io.tmpdir" value="C:\Users\VRUSHA~1\AppData\Local\Temp\"/>
    <property name="idea.version" value="2018.2.6"/>
    <property name="java.version" value="1.8.0_191"/>
    <property name="user.dir" value="D:\Assignment\Assignments\ClearTripAssigment"/>
    <property name="os.arch" value="amd64"/>
    <property name="java.vm.specification.name" value="Java Virtual Machine Specification"/>
    <property name="java.awt.printerjob" value="sun.awt.windows.WPrinterJob"/>
    <property name="sun.os.patch.level" value=""/>
    <property name="java.library.path" value="C:\Program Files\Java\jdk1.8.0_191\jre\bin;C:\Windows\Sun\Java\bin;C:\Windows\system32;C:\Windows;C:\Program Files (x86)\Common Files\Oracle\Java\javapath;C:\Windows\system32;C:\Windows;C:\Windows\System32\Wbem;C:\Windows\System32\WindowsPowerShell\v1.0\;C:\Program Files\TortoiseSVN\bin;C:\Program Files\Java\jdk1.8.0_191\bin;C:\Users\Vrushali_Jagtap\AppData\Local\Programs\Git\cmd;C:\Users\Vrushali_Jagtap\AppData\Local\Microsoft\WindowsApps;C:\Users\Vrushali_Jagtap\AppData\Local\Programs\Git\cmd;;."/>
    <property name="java.vm.info" value="mixed mode"/>
    <property name="java.vendor" value="Oracle Corporation"/>
    <property name="java.vm.version" value="25.191-b12"/>
    <property name="java.ext.dirs" value="C:\Program Files\Java\jdk1.8.0_191\jre\lib\ext;C:\Windows\Sun\Java\lib\ext"/>
    <property name="sun.io.unicode.encoding" value="UnicodeLittle"/>
    <property name="java.class.version" value="52.0"/>
  </properties>
  <testcase name="To Search one-way flight" classname="Search Flights" time="10.89"/>
</testsuite>